
> solar@1.0.0 start /Users/JIL/Documents/Projects/node.js/solar
> node app.js

events.js:182
      throw er; // Unhandled 'error' event
      ^

Error: listen EACCES 0.0.0.0:80
    at Object._errnoException (util.js:1021:11)
    at _exceptionWithHostPort (util.js:1043:20)
    at Server.setupListenHandle [as _listen2] (net.js:1327:19)
    at listenInCluster (net.js:1385:12)
    at Server.listen (net.js:1469:7)
    at Object.<anonymous> (/Users/JIL/Documents/Projects/node.js/solar/app.js:11:8)
    at Module._compile (module.js:624:30)
    at Object.Module._extensions..js (module.js:635:10)
    at Module.load (module.js:545:32)
    at tryModuleLoad (module.js:508:12)
npm ERR! code ELIFECYCLE
npm ERR! errno 1
npm ERR! solar@1.0.0 start: `node app.js`
npm ERR! Exit status 1
npm ERR! 
npm ERR! Failed at the solar@1.0.0 start script.
npm ERR! This is probably not a problem with npm. There is likely additional logging output above.

npm ERR! A complete log of this run can be found in:
npm ERR!     /Users/JIL/.npm/_logs/2017-11-20T12_25_39_326Z-debug.log
